app/seeds.txt
com.enest.deliverypartner.model.Productinfo: java.lang.String mProductQty
com.enest.deliverypartner.fregment.NotificationFragment$NotificationAdepter$ViewHolder_ViewBinding: NotificationFragment$NotificationAdepter$ViewHolder_ViewBinding(com.enest.deliverypartner.fregment.NotificationFragment$NotificationAdepter$ViewHolder,android.view.View)
com.enest.deliverypartner.model.PendingOrderItem: java.util.ArrayList mProductinfo
com.enest.deliverypartner.activity.OrderDeliverDetailsActivity_ViewBinding
com.enest.deliverypartner.model.LoginUser: java.lang.String mResponseMsg
com.enest.deliverypartner.activity.SignatureActivity: SignatureActivity()
com.enest.deliverypartner.model.PendingOrderItem
com.enest.deliverypartner.MyApplication
com.enest.deliverypartner.model.NotiItem: java.lang.String mMsg
com.enest.deliverypartner.model.PendingOrderItem: java.lang.String mAstatus
com.enest.deliverypartner.activity.LoginActivity_ViewBinding
com.enest.deliverypartner.activity.HomeActivity
com.enest.deliverypartner.model.AreaD
com.enest.deliverypartner.model.Productinfo: java.lang.String mProductName
com.enest.deliverypartner.activity.SignatureActivity: void onClick(android.view.View)
com.enest.deliverypartner.model.OrderData: java.lang.String riderStatus
com.enest.deliverypartner.model.PendingOrder: java.lang.String mResult
com.enest.deliverypartner.model.Productinfo
com.enest.deliverypartner.activity.ProfileActivity: ProfileActivity()
com.enest.deliverypartner.model.PendingOrderItem: java.lang.String mTotal
com.enest.deliverypartner.fregment.NotificationFragment_ViewBinding
com.enest.deliverypartner.model.AreaD: java.lang.String status
com.enest.deliverypartner.model.PendingOrderItem: android.os.Parcelable$Creator CREATOR
com.enest.deliverypartner.model.Ostatus: com.enest.deliverypartner.model.OrderData mOrderData
com.enest.deliverypartner.activity.OrderPendingDetailsActivity
com.enest.deliverypartner.model.PendingOrderItem: java.lang.String mDelivery
com.enest.deliverypartner.fregment.DeliveryFragment$PendingAdepter$ViewHolder_ViewBinding: DeliveryFragment$PendingAdepter$ViewHolder_ViewBinding(com.enest.deliverypartner.fregment.DeliveryFragment$PendingAdepter$ViewHolder,android.view.View)
com.enest.deliverypartner.fregment.DeliveryFragment$PendingAdepter$ViewHolder_ViewBinding
com.enest.deliverypartner.activity.InfoActivity: InfoActivity()
com.enest.deliverypartner.activity.OrderPendingDetailsActivity_ViewBinding: OrderPendingDetailsActivity_ViewBinding(com.enest.deliverypartner.activity.OrderPendingDetailsActivity,android.view.View)
com.enest.deliverypartner.model.Noti
com.enest.deliverypartner.activity.OrderPendingDetailsActivity: OrderPendingDetailsActivity()
com.enest.deliverypartner.activity.InfoActivity
com.enest.deliverypartner.model.PendingOrderItem: java.lang.String mPMethod
com.enest.deliverypartner.fregment.PendingFragment$PendingAdepter$ViewHolder_ViewBinding
com.enest.deliverypartner.activity.OrderPendingDetailsActivity_ViewBinding
com.enest.deliverypartner.activity.HomeActivity_ViewBinding: HomeActivity_ViewBinding(com.enest.deliverypartner.activity.HomeActivity,android.view.View)
com.enest.deliverypartner.model.PendingOrderItem: java.lang.String orderid
com.enest.deliverypartner.model.PendingOrderItem: java.lang.String mStatus
com.enest.deliverypartner.model.PendingOrderItem: java.lang.String mOdate
com.enest.deliverypartner.model.User: java.lang.String email
com.enest.deliverypartner.model.Productinfo: java.lang.String mDiscount
com.enest.deliverypartner.model.User: java.lang.String mobile
com.enest.deliverypartner.fregment.PendingFragment_ViewBinding
com.enest.deliverypartner.activity.LoginActivity_ViewBinding: LoginActivity_ViewBinding(com.enest.deliverypartner.activity.LoginActivity,android.view.View)
com.enest.deliverypartner.model.Noti: java.lang.String mResult
com.enest.deliverypartner.model.User: java.lang.String password
com.enest.deliverypartner.activity.ProfileActivity_ViewBinding
...
butterknife.OnPageChange
com.google.android.material.chip.Chip: void setSingleLine(boolean)
com.kofigyan.stateprogressbar.StateProgressBar: int getStateNumberBackgroundColor()
androidx.constraintlayout.widget.ConstraintHelper
androidx.appcompat.widget.AppCompatButton
com.google.android.material.textfield.TextInputLayout: android.widget.TextView getSuffixTextView()
com.onesignal.OneSignalStateSynchronizer$UserStateSynchronizerType: com.onesignal.OneSignalStateSynchronizer$UserStateSynchronizerType valueOf(java.lang.String)
com.kofigyan.stateprogressbar.StateProgressBar: void setDescriptionTopSpaceIncrementer(float)
androidx.cardview.widget.CardView: boolean getUseCompatPadding()
butterknife.BindColor
com.google.android.gms.internal.measurement.zzcf: com.google.android.gms.internal.measurement.zzcf zzk
androidx.appcompat.widget.Toolbar: int getContentInsetRight()
androidx.recyclerview.widget.LinearLayoutManager: LinearLayoutManager(android.content.Context,android.util.AttributeSet,int,int)
com.kofigyan.stateprogressbar.StateProgressBar: float getStateNumberTextSize()
com.onesignal.JobIntentService$CompatWorkItem: int mStartId
com.google.android.material.bottomnavigation.BottomNavigationMenuView: void setItemTextAppearanceActive(int)
androidx.appcompat.app.AppCompatActivity
com.google.android.gms.internal.measurement.zzdb: long zzh
androidx.appcompat.widget.ActionBarOverlayLayout: void setActionBarVisibilityCallback(androidx.appcompat.widget.ActionBarOverlayLayout$ActionBarVisibilityCallback)
com.onesignal.OSNotificationRestoreWorkManager$NotificationRestoreWorker
androidx.work.impl.WorkDatabase: WorkDatabase()
androidx.constraintlayout.widget.Constraints: androidx.constraintlayout.widget.ConstraintSet getConstraintSet()
com.kofigyan.stateprogressbar.StateProgressBar: void setStateNumberTextSize(float)
androidx.work.impl.background.systemalarm.ConstraintProxyUpdateReceiver: ConstraintProxyUpdateReceiver()
butterknife.R$id
androidx.core.graphics.drawable.IconCompatParcelizer
androidx.constraintlayout.widget.ConstraintLayout: int getMinHeight()
com.google.android.material.chip.Chip: android.graphics.drawable.Drawable getBackgroundDrawable()
com.bumptech.glide.load.ImageHeaderParser$ImageType: com.bumptech.glide.load.ImageHeaderParser$ImageType[] $VALUES
com.onesignal.HmsMessageServiceOneSignal
com.google.android.material.button.MaterialButton: void setShapeAppearanceModel(com.google.android.material.shape.ShapeAppearanceModel)
androidx.media.AudioAttributesImplApi21Parcelizer
com.google.android.material.card.MaterialCardView: void setCardBackgroundColor(android.content.res.ColorStateList)
com.google.android.material.floatingactionbutton.FloatingActionButton$Behavior: FloatingActionButton$Behavior()
androidx.constraintlayout.widget.ConstraintLayout: void setMaxWidth(int)
com.google.firebase.messaging.FirebaseMessagingRegistrar
androidx.appcompat.view.menu.ListMenuItemView: void setGroupDividerEnabled(boolean)
com.google.android.gms.internal.measurement.zzdq: com.google.android.gms.internal.measurement.zzhz zza
androidx.appcompat.widget.ButtonBarLayout
com.onesignal.shortcutbadger.impl.VivoHomeBadger
androidx.constraintlayout.widget.ConstraintLayout: void setMinHeight(int)
com.google.android.material.button.MaterialButton: int getCornerRadius()
androidx.core.widget.NestedScrollView$SavedState: android.os.Parcelable$Creator CREATOR
androidx.appcompat.widget.AppCompatMultiAutoCompleteTextView: android.graphics.PorterDuff$Mode getSupportBackgroundTintMode()
com.google.android.material.textfield.TextInputLayout: android.content.res.ColorStateList getPlaceholderTextColor()
androidx.appcompat.widget.AppCompatImageButton: void setImageURI(android.net.Uri)
com.google.android.material.textfield.TextInputLayout: void setEditText(android.widget.EditText)
com.onesignal.UpgradeReceiver