app/unused.txt
com.enest.deliverypartner.Notification.MyFirebaseMessagingService
com.enest.deliverypartner.R$xml
com.enest.deliverypartner.fregment.DeliveryFragment$PendingAdepter$ViewHolder_ViewBinding:
    public void unbind()
com.enest.deliverypartner.R
com.enest.deliverypartner.model.Area:
    public java.lang.String getResult()
    public void setResult(java.lang.String)
com.enest.deliverypartner.retrofit.APIClient:
    public void <init>()
    public static final java.lang.String APPEND_URL
com.enest.deliverypartner.fregment.PendingFragment_ViewBinding:
    public void unbind()
com.enest.deliverypartner.R$animator
com.enest.deliverypartner.model.NotiItem:
    public java.lang.String getId()
    public void setId(java.lang.String)
com.enest.deliverypartner.R$drawable
com.enest.deliverypartner.R$plurals
com.enest.deliverypartner.R$font
com.enest.deliverypartner.fregment.DeliveryFragment_ViewBinding:
    public void unbind()
com.enest.deliverypartner.activity.InfoActivity_ViewBinding:
    public void <init>(com.enest.deliverypartner.activity.InfoActivity)
    public void unbind()
com.enest.deliverypartner.R$id
com.enest.deliverypartner.fregment.NotificationFragment$NotificationAdepter$ViewHolder_ViewBinding:
    public void unbind()
com.enest.deliverypartner.activity.OrderDeliverDetailsActivity_ViewBinding:
    public void <init>(com.enest.deliverypartner.activity.OrderDeliverDetailsActivity)
    public void unbind()
com.enest.deliverypartner.R$anim
com.enest.deliverypartner.fregment.NotificationFragment_ViewBinding:
    public void unbind()
com.enest.deliverypartner.R$dimen
com.enest.deliverypartner.fregment.ProfileFragment_ViewBinding:
    public void unbind()
com.enest.deliverypartner.BuildConfig
com.enest.deliverypartner.model.PendingOrder:
    public void setResult(java.lang.String)
com.enest.deliverypartner.model.PendingOrderItem:
    public void setName(java.lang.String)
com.enest.deliverypartner.R$string
com.enest.deliverypartner.utils.Utiles:
    public void <init>()
com.enest.deliverypartner.R$mipmap
com.enest.deliverypartner.activity.LoginActivity_ViewBinding:
    public void <init>(com.enest.deliverypartner.activity.LoginActivity)
    public void unbind()
com.enest.deliverypartner.model.RestResponse:
    public void setResult(java.lang.String)
com.enest.deliverypartner.R$menu
com.enest.deliverypartner.model.User:
    public void setId(java.lang.String)
    public void setName(java.lang.String)
com.enest.deliverypartner.model.AreaD:
    public void setId(java.lang.String)
    public void setName(java.lang.String)
com.enest.deliverypartner.model.Noti:
    public void setResult(java.lang.String)
com.enest.deliverypartner.activity.OrderPendingDetailsActivity_ViewBinding:
    public void <init>(com.enest.deliverypartner.activity.OrderPendingDetailsActivity)
    public void unbind()
com.enest.deliverypartner.R$raw
com.enest.deliverypartner.R$color
com.enest.deliverypartner.R$style
com.enest.deliverypartner.activity.HomeActivity_ViewBinding:
    public void <init>(com.enest.deliverypartner.activity.HomeActivity)
    public void unbind()
com.enest.deliverypartner.R$layout
com.enest.deliverypartner.R$styleable
com.enest.deliverypartner.fregment.PendingFragment$PendingAdepter$ViewHolder_ViewBinding:
    public void unbind()
com.enest.deliverypartner.activity.SignatureActivity_ViewBinding:
    public void <init>(com.enest.deliverypartner.activity.SignatureActivity)
    public void unbind()
com.enest.deliverypartner.activity.ProfileActivity_ViewBinding:
    public void <init>(com.enest.deliverypartner.activity.ProfileActivity)
    public void unbind()
com.enest.deliverypartner.R$interpolator
com.enest.deliverypartner.model.Ostatus:
    public java.lang.String getResult()
    public void setResult(java.lang.String)
com.enest.deliverypartner.R$bool
com.enest.deliverypartner.R$integer
com.enest.deliverypartner.model.LoginUser:
    public void setResult(java.lang.String)
com.enest.deliverypartner.R$attr
...
com.google.android.gms.common.api.internal.GoogleApiManager$zab:
    public void <init>(com.google.android.gms.common.api.internal.zai,com.google.android.gms.common.Feature)
    public static synthetic com.google.android.gms.common.api.internal.zai zac(com.google.android.gms.common.api.internal.GoogleApiManager$zab)
    public static synthetic com.google.android.gms.common.Feature zad(com.google.android.gms.common.api.internal.GoogleApiManager$zab)
androidx.work.impl.model.WorkTypeConverters$1
okhttp3.internal.concurrent.TaskRunner$Companion:
    public void <init>()
    public final java.util.logging.Logger getLogger()
com.bumptech.glide.load.engine.bitmap_recycle.LruBitmapPool$BitmapTracker:
    public abstract void add(android.graphics.Bitmap)
    public abstract void remove(android.graphics.Bitmap)
com.google.android.material.chip.ChipGroup:
    public void <init>(android.content.Context,android.util.AttributeSet,int)
    public static synthetic boolean access$300(com.google.android.material.chip.ChipGroup)
    public static synthetic boolean access$400(com.google.android.material.chip.ChipGroup)
    public static synthetic void access$500(com.google.android.material.chip.ChipGroup,int,boolean)
    public static void access$600(com.google.android.material.chip.ChipGroup,int,boolean)
    public static synthetic int access$700(com.google.android.material.chip.ChipGroup)
    public static synthetic boolean access$800(com.google.android.material.chip.ChipGroup)
    public static synthetic com.google.android.material.chip.ChipGroup$CheckedStateTracker access$1000(com.google.android.material.chip.ChipGroup)
    public static void <clinit>()
    public final void setCheckedId(int,boolean)
    public void clearCheck()
    public int getIndexOfChip(android.view.View)
    public boolean isSingleSelection()
    public static final int DEF_STYLE_RES
com.google.firebase.iid.WithinAppServiceConnection$BindRequest:
    public static final synthetic void lambda$arrangeTimeout$1$WithinAppServiceConnection$BindRequest(java.util.concurrent.ScheduledFuture)
    public void arrangeTimeout(java.util.concurrent.ScheduledExecutorService)
    public com.google.android.gms.tasks.Task getTask()
    public final synthetic void lambda$arrangeTimeout$0$WithinAppServiceConnection$BindRequest()
com.google.firebase.components.Component$$Lambda$3:
    public static com.google.firebase.components.ComponentFactory lambdaFactory$(java.lang.Object)
retrofit2.CompletableFutureCallAdapterFactory$BodyCallAdapter:
    public java.util.concurrent.CompletableFuture adapt(retrofit2.Call)
com.google.android.datatransport.runtime.AutoValue_SendRequest$1
com.google.android.gms.internal.measurement.zzmb:
    public static boolean zzb()
    public static boolean zzc()
androidx.appcompat.widget.Toolbar$1:
    public boolean onMenuItemClick(android.view.MenuItem)
com.bumptech.glide.load.engine.DecodeJob$1
kotlin.collections.MapsKt__MapWithDefaultKt
kotlin.text.StringsKt__StringsKt$rangesDelimitedBy$2:
    public final kotlin.Pair invoke(java.lang.CharSequence,int)